

Started GET "/pages/home" for 127.0.0.1 at 2011-06-02 14:19:24 -0700
  Processing by PagesController#home as HTML
Rendered pages/home.html.erb within layouts/application (2.0ms)
Completed 200 OK in 8ms (Views: 7.2ms | ActiveRecord: 0.0ms)


Started GET "/pages/home" for 127.0.0.1 at 2011-06-02 14:29:16 -0700
  Processing by PagesController#home as HTML
Rendered pages/home.html.erb within layouts/application (2.0ms)
Completed 200 OK in 27ms (Views: 27.1ms | ActiveRecord: 0.0ms)


Started GET "/pages/contact" for 127.0.0.1 at 2011-06-02 16:24:15 -0700
  Processing by PagesController#contact as HTML
Rendered pages/contact.html.erb within layouts/application (1.8ms)
Completed 200 OK in 7ms (Views: 7.0ms | ActiveRecord: 0.0ms)


Started GET "/pages/contact" for 127.0.0.1 at 2011-06-02 16:24:26 -0700
  Processing by PagesController#contact as HTML
Rendered pages/contact.html.erb within layouts/application (1.7ms)
Completed 200 OK in 7ms (Views: 6.8ms | ActiveRecord: 0.0ms)


Started GET "/pages/contact" for 127.0.0.1 at 2011-06-02 16:24:42 -0700
  Processing by PagesController#contact as HTML
Rendered pages/contact.html.erb within layouts/application (1.8ms)
Completed 200 OK in 7ms (Views: 7.0ms | ActiveRecord: 0.0ms)


Started GET "/pages/contact" for 127.0.0.1 at 2011-06-02 16:26:59 -0700
  Processing by PagesController#contact as HTML
Rendered pages/contact.html.erb within layouts/application (1.8ms)
Completed 200 OK in 7ms (Views: 6.6ms | ActiveRecord: 0.0ms)


Started GET "/pages/contact" for 127.0.0.1 at 2011-06-02 16:28:06 -0700
  Processing by PagesController#contact as HTML
Rendered pages/contact.html.erb within layouts/application (1.8ms)
Completed 200 OK in 7ms (Views: 6.9ms | ActiveRecord: 0.0ms)


Started GET "/pages/contact" for 127.0.0.1 at 2011-06-02 16:30:46 -0700
  Processing by PagesController#contact as HTML
Rendered pages/contact.html.erb within layouts/application (1.7ms)
Completed 200 OK in 7ms (Views: 6.8ms | ActiveRecord: 0.0ms)


Started GET "/pages/contact" for 127.0.0.1 at 2011-06-02 16:31:11 -0700
  Processing by PagesController#contact as HTML
Rendered pages/contact.html.erb (0.4ms)
Completed 200 OK in 6ms (Views: 5.4ms | ActiveRecord: 0.0ms)


Started GET "/pages/contact" for 127.0.0.1 at 2011-06-02 16:32:23 -0700
  Processing by PagesController#contact as HTML
Rendered pages/contact.html.erb (0.4ms)
Completed 200 OK in 5ms (Views: 5.0ms | ActiveRecord: 0.0ms)


Started GET "/pages/contact" for 127.0.0.1 at 2011-06-02 16:32:28 -0700
  Processing by PagesController#contact as HTML
Rendered pages/contact.html.erb (0.4ms)
Completed 200 OK in 5ms (Views: 5.0ms | ActiveRecord: 0.0ms)


Started GET "/pages/contact" for 127.0.0.1 at 2011-06-02 16:33:07 -0700
  Processing by PagesController#contact as HTML
Rendered pages/contact.html.erb (0.5ms)
Completed 200 OK in 6ms (Views: 5.5ms | ActiveRecord: 0.0ms)


Started GET "/pages/about" for 127.0.0.1 at 2011-06-02 16:33:25 -0700
  Processing by PagesController#about as HTML
Rendered pages/about.html.erb (0.5ms)
Completed 200 OK in 6ms (Views: 5.4ms | ActiveRecord: 0.0ms)


Started GET "/pages/about" for 127.0.0.1 at 2011-06-02 16:33:40 -0700
  Processing by PagesController#about as HTML
Rendered pages/about.html.erb (0.4ms)
Completed 200 OK in 5ms (Views: 4.9ms | ActiveRecord: 0.0ms)


Started GET "/pages/home" for 127.0.0.1 at 2011-06-02 16:34:34 -0700
  Processing by PagesController#home as HTML
Rendered pages/home.html.erb (0.4ms)
Completed 200 OK in 6ms (Views: 5.2ms | ActiveRecord: 0.0ms)


Started GET "/pages/home" for 127.0.0.1 at 2011-06-02 16:42:34 -0700
  Processing by PagesController#home as HTML
Rendered pages/home.html.erb (0.4ms)
Completed 200 OK in 6ms (Views: 5.2ms | ActiveRecord: 0.0ms)


Started GET "/pages/home" for 127.0.0.1 at 2011-06-02 16:43:01 -0700
  Processing by PagesController#home as HTML
Rendered pages/home.html.erb within layouts/application (0.9ms)
Completed 200 OK in 6ms (Views: 5.7ms | ActiveRecord: 0.0ms)


Started GET "/pages/contact" for 127.0.0.1 at 2011-06-02 16:43:06 -0700
  Processing by PagesController#contact as HTML
Rendered pages/contact.html.erb within layouts/application (0.9ms)
Completed 200 OK in 6ms (Views: 5.9ms | ActiveRecord: 0.0ms)


Started GET "/pages/about" for 127.0.0.1 at 2011-06-02 16:43:10 -0700
  Processing by PagesController#about as HTML
Rendered pages/about.html.erb within layouts/application (0.9ms)
Completed 200 OK in 6ms (Views: 5.6ms | ActiveRecord: 0.0ms)


Started GET "/pages/help" for 127.0.0.1 at 2011-06-02 16:51:14 -0700

ActionController::RoutingError (No route matches "/pages/help"):
  

Rendered /home/ubuntu/.rvm/gems/ruby-1.9.2-p0/gems/actionpack-3.0.7/lib/action_dispatch/middleware/templates/rescues/routing_error.erb within rescues/layout (1.0ms)


Started GET "/pages/help" for 127.0.0.1 at 2011-06-02 16:51:36 -0700
  Processing by PagesController#help as HTML
Rendered pages/help.html.erb within layouts/application (0.7ms)
Completed 200 OK in 6ms (Views: 5.3ms | ActiveRecord: 0.0ms)


Started GET "/pages/about" for 127.0.0.1 at 2011-06-02 16:52:05 -0700
  Processing by PagesController#about as HTML
Rendered pages/about.html.erb within layouts/application (0.7ms)
Completed 200 OK in 6ms (Views: 5.8ms | ActiveRecord: 0.0ms)


Started GET "/pages/home" for 127.0.0.1 at 2011-06-02 16:54:28 -0700
  Processing by PagesController#home as HTML
Rendered pages/home.html.erb within layouts/application (0.7ms)
Completed 200 OK in 6ms (Views: 6.1ms | ActiveRecord: 0.0ms)


Started GET "/pages/help" for 127.0.0.1 at 2011-06-02 16:54:32 -0700
  Processing by PagesController#help as HTML
Rendered pages/help.html.erb within layouts/application (0.8ms)
Completed 200 OK in 6ms (Views: 5.7ms | ActiveRecord: 0.0ms)


Started GET "/pages/help" for 127.0.0.1 at 2011-06-02 17:06:16 -0700
  Processing by PagesController#help as HTML
Rendered pages/help.html.erb within layouts/application (0.8ms)
Completed 200 OK in 6ms (Views: 5.4ms | ActiveRecord: 0.0ms)


Started GET "/pages/help" for 127.0.0.1 at 2011-06-02 17:06:32 -0700
  Processing by PagesController#help as HTML
Rendered pages/help.html.erb within layouts/application (0.8ms)
Completed 200 OK in 6ms (Views: 5.4ms | ActiveRecord: 0.0ms)


Started GET "/pages/help" for 127.0.0.1 at 2011-06-02 17:06:56 -0700
  Processing by PagesController#help as HTML
Rendered pages/help.html.erb within layouts/application (0.9ms)
Completed 200 OK in 6ms (Views: 5.5ms | ActiveRecord: 0.0ms)


Started GET "/pages/help" for 127.0.0.1 at 2011-06-02 17:08:00 -0700
  Processing by PagesController#help as HTML
Rendered pages/help.html.erb within layouts/application (0.8ms)
Completed 200 OK in 6ms (Views: 5.7ms | ActiveRecord: 0.0ms)


Started GET "/pages/about" for 127.0.0.1 at 2011-06-02 17:08:33 -0700
  Processing by PagesController#about as HTML
Rendered pages/about.html.erb within layouts/application (0.9ms)
Completed 200 OK in 7ms (Views: 6.3ms | ActiveRecord: 0.0ms)


Started GET "/pages/contact" for 127.0.0.1 at 2011-06-02 17:09:04 -0700
  Processing by PagesController#contact as HTML
Rendered pages/contact.html.erb within layouts/application (0.9ms)
Completed 200 OK in 6ms (Views: 5.7ms | ActiveRecord: 0.0ms)


Started GET "/pages/home" for 127.0.0.1 at 2011-06-02 17:09:36 -0700
  Processing by PagesController#home as HTML
Rendered pages/home.html.erb within layouts/application (0.8ms)
Completed 200 OK in 6ms (Views: 6.0ms | ActiveRecord: 0.0ms)


Started GET "/pages/help" for 127.0.0.1 at 2011-06-02 17:10:10 -0700
  Processing by PagesController#help as HTML
Rendered pages/help.html.erb within layouts/application (0.9ms)
Completed 200 OK in 6ms (Views: 5.9ms | ActiveRecord: 0.0ms)


Started GET "/pages/Help" for 127.0.0.1 at 2011-06-02 17:10:23 -0700

ActionController::RoutingError (No route matches "/pages/Help"):
  

Rendered /home/ubuntu/.rvm/gems/ruby-1.9.2-p0/gems/actionpack-3.0.7/lib/action_dispatch/middleware/templates/rescues/routing_error.erb within rescues/layout (0.9ms)


Started GET "/pages/help" for 127.0.0.1 at 2011-06-02 17:10:30 -0700
  Processing by PagesController#help as HTML
Rendered pages/help.html.erb within layouts/application (0.8ms)
Completed 200 OK in 6ms (Views: 5.7ms | ActiveRecord: 0.0ms)


Started GET "/pages/Help" for 127.0.0.1 at 2011-06-02 17:11:23 -0700
  Processing by PagesController#Help as HTML
Completed   in 27ms

ActionView::MissingTemplate (Missing template pages/Help with {:handlers=>[:erb, :rjs, :builder, :rhtml, :rxml], :formats=>[:html], :locale=>[:en, :en]} in view paths "/home/ubuntu/rails_apps/dmpTool/app/views"):
  

Rendered /home/ubuntu/.rvm/gems/ruby-1.9.2-p0/gems/actionpack-3.0.7/lib/action_dispatch/middleware/templates/rescues/missing_template.erb within rescues/layout (0.8ms)


Started GET "/pages/contact" for 127.0.0.1 at 2011-06-10 13:59:34 -0700
  Processing by PagesController#contact as HTML
Rendered pages/contact.html.erb within layouts/application (1.9ms)
Completed 200 OK in 9ms (Views: 8.1ms | ActiveRecord: 0.0ms)


Started GET "/stylesheets/blueprint/screen.css" for 127.0.0.1 at 2011-06-10 13:59:36 -0700

ActionController::RoutingError (No route matches "/stylesheets/blueprint/screen.css"):
  

Rendered /home/darrowco/.rvm/gems/ruby-1.9.2-p180/gems/actionpack-3.0.7/lib/action_dispatch/middleware/templates/rescues/routing_error.erb within rescues/layout (3.9ms)


Started GET "/rails/info/properties" for 127.0.0.1 at 2011-06-11 15:57:44 -0700
  Processing by Rails::InfoController#properties as HTML
  [1m[36mSQL (0.6ms)[0m  [1m SELECT name
 FROM sqlite_master
 WHERE type = 'table' AND NOT name = 'sqlite_sequence'
[0m
Rendered inline template (0.7ms)
Completed 200 OK in 92ms (Views: 2.0ms | ActiveRecord: 0.6ms)
